<?xml version="1.0" encoding="UTF-8"?>
<testng-results skipped="0" failed="0" total="1" passed="1">
  <reporter-output>
  </reporter-output>
  <suite name="Default suite" duration-ms="15582" started-at="2017-11-11T10:10:17Z" finished-at="2017-11-11T10:10:32Z">
    <groups>
    </groups>
    <test name="Default test" duration-ms="15582" started-at="2017-11-11T10:10:17Z" finished-at="2017-11-11T10:10:32Z">
      <class name="log4j1.Log4j_TestExe">
        <test-method status="PASS" signature="f()[pri:0, instance:log4j1.Log4j_TestExe@6d78f375]" name="f" duration-ms="15562" started-at="2017-11-11T15:40:17Z" finished-at="2017-11-11T15:40:32Z">
          <reporter-output>
          </reporter-output>
        </test-method> <!-- f -->
      </class> <!-- log4j1.Log4j_TestExe -->
    </test> <!-- Default test -->
  </suite> <!-- Default suite -->
</testng-results>
